Determining if the Q_WS_X11 exist failed with the following output:
Change Dir: /Users/mac/MeshDeformer/trunk/build/CMakeFiles/CMakeTmp

Run Build Command:/opt/local/bin/gmake "cmTryCompileExec/fast"
/opt/local/bin/gmake -f CMakeFiles/cmTryCompileExec.dir/build.make CMakeFiles/cmTryCompileExec.dir/build
gmake[1]: Entering directory `/Users/mac/MeshDeformer/trunk/build/CMakeFiles/CMakeTmp'
/opt/local/bin/cmake -E cmake_progress_report /Users/mac/MeshDeformer/trunk/build/CMakeFiles/CMakeTmp/CMakeFiles 1
Building C object CMakeFiles/cmTryCompileExec.dir/CheckSymbolExists.c.o
/usr/bin/gcc   -F/Library/Frameworks   -o CMakeFiles/cmTryCompileExec.dir/CheckSymbolExists.c.o   -c /Users/mac/MeshDeformer/trunk/build/CMakeFiles/CMakeTmp/CheckSymbolExists.c
gmake[1]: Leaving directory `/Users/mac/MeshDeformer/trunk/build/CMakeFiles/CMakeTmp'
/Users/mac/MeshDeformer/trunk/build/CMakeFiles/CMakeTmp/CheckSymbolExists.c: In function 'main':
/Users/mac/MeshDeformer/trunk/build/CMakeFiles/CMakeTmp/CheckSymbolExists.c:8: error: 'Q_WS_X11' undeclared (first use in this function)
/Users/mac/MeshDeformer/trunk/build/CMakeFiles/CMakeTmp/CheckSymbolExists.c:8: error: (Each undeclared identifier is reported only once
/Users/mac/MeshDeformer/trunk/build/CMakeFiles/CMakeTmp/CheckSymbolExists.c:8: error: for each function it appears in.)
gmake[1]: *** [CMakeFiles/cmTryCompileExec.dir/CheckSymbolExists.c.o] Error 1
gmake: *** [cmTryCompileExec/fast] Error 2

File /Users/mac/MeshDeformer/trunk/build/CMakeFiles/CMakeTmp/CheckSymbolExists.c:
/* */
#include <QtCore/qglobal.h>

void cmakeRequireSymbol(int dummy,...){(void)dummy;}
int main()
{
#ifndef Q_WS_X11
  cmakeRequireSymbol(0,&Q_WS_X11);
#endif
  return 0;
}

Determining if the Q_WS_WIN exist failed with the following output:
Change Dir: /Users/mac/MeshDeformer/trunk/build/CMakeFiles/CMakeTmp

Run Build Command:/opt/local/bin/gmake "cmTryCompileExec/fast"
/opt/local/bin/gmake -f CMakeFiles/cmTryCompileExec.dir/build.make CMakeFiles/cmTryCompileExec.dir/build
gmake[1]: Entering directory `/Users/mac/MeshDeformer/trunk/build/CMakeFiles/CMakeTmp'
/opt/local/bin/cmake -E cmake_progress_report /Users/mac/MeshDeformer/trunk/build/CMakeFiles/CMakeTmp/CMakeFiles 1
Building C object CMakeFiles/cmTryCompileExec.dir/CheckSymbolExists.c.o
/usr/bin/gcc   -F/Library/Frameworks   -o CMakeFiles/cmTryCompileExec.dir/CheckSymbolExists.c.o   -c /Users/mac/MeshDeformer/trunk/build/CMakeFiles/CMakeTmp/CheckSymbolExists.c
/Users/mac/MeshDeformer/trunk/build/CMakeFiles/CMakeTmp/CheckSymbolExists.c: In function 'main':
/Users/mac/MeshDeformer/trunk/build/CMakeFiles/CMakeTmp/CheckSymbolExists.c:8: error: 'Q_WS_WIN' undeclared (first use in this function)
/Users/mac/MeshDeformer/trunk/build/CMakeFiles/CMakeTmp/CheckSymbolExists.c:8: error: (Each undeclared identifier is reported only once
/Users/mac/MeshDeformer/trunk/build/CMakeFiles/CMakeTmp/CheckSymbolExists.c:8: error: for each function it appears in.)
gmake[1]: Leaving directory `/Users/mac/MeshDeformer/trunk/build/CMakeFiles/CMakeTmp'
gmake[1]: *** [CMakeFiles/cmTryCompileExec.dir/CheckSymbolExists.c.o] Error 1
gmake: *** [cmTryCompileExec/fast] Error 2

File /Users/mac/MeshDeformer/trunk/build/CMakeFiles/CMakeTmp/CheckSymbolExists.c:
/* */
#include <QtCore/qglobal.h>

void cmakeRequireSymbol(int dummy,...){(void)dummy;}
int main()
{
#ifndef Q_WS_WIN
  cmakeRequireSymbol(0,&Q_WS_WIN);
#endif
  return 0;
}

Determining if the Q_WS_QWS exist failed with the following output:
Change Dir: /Users/mac/MeshDeformer/trunk/build/CMakeFiles/CMakeTmp

Run Build Command:/opt/local/bin/gmake "cmTryCompileExec/fast"
/opt/local/bin/gmake -f CMakeFiles/cmTryCompileExec.dir/build.make CMakeFiles/cmTryCompileExec.dir/build
gmake[1]: Entering directory `/Users/mac/MeshDeformer/trunk/build/CMakeFiles/CMakeTmp'
/opt/local/bin/cmake -E cmake_progress_report /Users/mac/MeshDeformer/trunk/build/CMakeFiles/CMakeTmp/CMakeFiles 1
Building C object CMakeFiles/cmTryCompileExec.dir/CheckSymbolExists.c.o
/usr/bin/gcc   -F/Library/Frameworks   -o CMakeFiles/cmTryCompileExec.dir/CheckSymbolExists.c.o   -c /Users/mac/MeshDeformer/trunk/build/CMakeFiles/CMakeTmp/CheckSymbolExists.c
gmake[1]: Leaving directory `/Users/mac/MeshDeformer/trunk/build/CMakeFiles/CMakeTmp'
/Users/mac/MeshDeformer/trunk/build/CMakeFiles/CMakeTmp/CheckSymbolExists.c: In function 'main':
/Users/mac/MeshDeformer/trunk/build/CMakeFiles/CMakeTmp/CheckSymbolExists.c:8: error: 'Q_WS_QWS' undeclared (first use in this function)
/Users/mac/MeshDeformer/trunk/build/CMakeFiles/CMakeTmp/CheckSymbolExists.c:8: error: (Each undeclared identifier is reported only once
/Users/mac/MeshDeformer/trunk/build/CMakeFiles/CMakeTmp/CheckSymbolExists.c:8: error: for each function it appears in.)
gmake[1]: *** [CMakeFiles/cmTryCompileExec.dir/CheckSymbolExists.c.o] Error 1
gmake: *** [cmTryCompileExec/fast] Error 2

File /Users/mac/MeshDeformer/trunk/build/CMakeFiles/CMakeTmp/CheckSymbolExists.c:
/* */
#include <QtCore/qglobal.h>

void cmakeRequireSymbol(int dummy,...){(void)dummy;}
int main()
{
#ifndef Q_WS_QWS
  cmakeRequireSymbol(0,&Q_WS_QWS);
#endif
  return 0;
}

